2022-05-31 20:44:20,020 [Worker-2: Loading available Gradle versions] INFO  o.e.b.c.i.u.g.PublishedGradleVersions - Gradle version information cache is out-of-date. Trying to update.
2022-05-31 20:45:44,197 [Worker-3: Updating Maven Dependencies] INFO  o.e.m.c.i.l.LifecycleMappingFactory - Using org.maven.ide.eclipse.wtp.WarLifecycleMapping lifecycle mapping for MavenProject: com.example:SpringBoot-PSI-20211018:0.0.1-SNAPSHOT @ C:\Users\shion\Desktop\springboot\SpringBoot-PSI-20211018-main\pom.xml.
2022-05-31 20:45:44,577 [Worker-3: Updating Maven Dependencies] WARN  o.e.m.c.i.embedder.EclipseLogger - The artifact org.hibernate:hibernate-validator:jar:6.0.10.Final has been relocated to org.hibernate.validator:hibernate-validator:jar:6.0.10.Final
2022-05-31 20:45:44,617 [Worker-2: Building] INFO  o.e.m.c.i.l.LifecycleMappingFactory - Using org.maven.ide.eclipse.wtp.WarLifecycleMapping lifecycle mapping for MavenProject: com.example:SpringBoot-PSI-20211018:0.0.1-SNAPSHOT @ C:\Users\shion\Desktop\springboot\SpringBoot-PSI-20211018-main\pom.xml.
2022-05-31 20:45:44,876 [Worker-2: Building] WARN  o.e.m.c.i.embedder.EclipseLogger - The artifact org.hibernate:hibernate-validator:jar:6.0.10.Final has been relocated to org.hibernate.validator:hibernate-validator:jar:6.0.10.Final
2022-05-31 20:45:45,138 [Worker-2: Building] WARN  o.e.m.c.i.embedder.EclipseLogger - The artifact org.hibernate:hibernate-validator:jar:6.0.10.Final has been relocated to org.hibernate.validator:hibernate-validator:jar:6.0.10.Final
2022-05-31 20:45:46,613 [Worker-2: Building] INFO  o.e.m.c.i.embedder.EclipseLogger - Using 'UTF-8' encoding to copy filtered resources.
2022-05-31 20:45:46,613 [Worker-2: Building] INFO  o.e.m.c.i.embedder.EclipseLogger - Using 'UTF-8' encoding to copy filtered properties files.
2022-05-31 20:45:46,645 [Worker-2: Building] INFO  o.e.m.c.i.embedder.EclipseLogger - Copying 1 resource
2022-05-31 20:45:46,660 [Worker-2: Building] INFO  o.e.m.c.i.embedder.EclipseLogger - Copying 21 resources
2022-05-31 20:45:46,794 [Worker-2: Building] INFO  o.e.m.c.i.embedder.EclipseLogger - Using 'UTF-8' encoding to copy filtered resources.
2022-05-31 20:45:46,794 [Worker-2: Building] INFO  o.e.m.c.i.embedder.EclipseLogger - Using 'UTF-8' encoding to copy filtered properties files.
2022-05-31 20:45:46,794 [Worker-2: Building] INFO  o.e.m.c.i.embedder.EclipseLogger - skip non existing resourceDirectory C:\Users\shion\Desktop\springboot\SpringBoot-PSI-20211018-main\src\test\resources
2022-05-31 20:45:50,021 [Worker-10: Updating Maven Dependencies] INFO  o.e.m.c.i.l.LifecycleMappingFactory - Using org.maven.ide.eclipse.wtp.WarLifecycleMapping lifecycle mapping for MavenProject: com.example:SpringBoot-PSI-20211018:0.0.1-SNAPSHOT @ C:\Users\shion\Desktop\springboot\SpringBoot-PSI-20211018-main\pom.xml.
2022-05-31 20:45:50,155 [Worker-10: Updating Maven Dependencies] WARN  o.e.m.c.i.embedder.EclipseLogger - The artifact org.hibernate:hibernate-validator:jar:6.0.10.Final has been relocated to org.hibernate.validator:hibernate-validator:jar:6.0.10.Final
2022-05-31 20:45:55,301 [Worker-10: Updating Maven Dependencies] WARN  o.e.m.c.i.embedder.EclipseLogger - The artifact org.hibernate:hibernate-validator:jar:6.0.10.Final has been relocated to org.hibernate.validator:hibernate-validator:jar:6.0.10.Final
2022-05-31 20:45:55,917 [Worker-9: Building] WARN  o.e.m.c.i.embedder.EclipseLogger - The artifact org.hibernate:hibernate-validator:jar:6.0.10.Final has been relocated to org.hibernate.validator:hibernate-validator:jar:6.0.10.Final
2022-05-31 20:45:56,057 [Worker-9: Building] INFO  o.e.m.c.i.embedder.EclipseLogger - Using 'UTF-8' encoding to copy filtered resources.
2022-05-31 20:45:56,057 [Worker-9: Building] INFO  o.e.m.c.i.embedder.EclipseLogger - Using 'UTF-8' encoding to copy filtered properties files.
2022-05-31 20:45:56,088 [Worker-9: Building] INFO  o.e.m.c.i.embedder.EclipseLogger - Copying 1 resource
2022-05-31 20:45:56,104 [Worker-9: Building] INFO  o.e.m.c.i.embedder.EclipseLogger - Copying 21 resources
2022-05-31 20:45:56,151 [Worker-9: Building] INFO  o.e.m.c.i.embedder.EclipseLogger - Using 'UTF-8' encoding to copy filtered resources.
2022-05-31 20:45:56,151 [Worker-9: Building] INFO  o.e.m.c.i.embedder.EclipseLogger - Using 'UTF-8' encoding to copy filtered properties files.
2022-05-31 20:45:56,151 [Worker-9: Building] INFO  o.e.m.c.i.embedder.EclipseLogger - skip non existing resourceDirectory C:\Users\shion\Desktop\springboot\SpringBoot-PSI-20211018-main\src\test\resources
2022-05-31 20:46:54,859 [Worker-3: Building] INFO  o.e.m.c.i.embedder.EclipseLogger - Using 'UTF-8' encoding to copy filtered resources.
2022-05-31 20:46:54,859 [Worker-3: Building] INFO  o.e.m.c.i.embedder.EclipseLogger - Using 'UTF-8' encoding to copy filtered properties files.
2022-05-31 20:46:54,860 [Worker-3: Building] INFO  o.e.m.c.i.embedder.EclipseLogger - Copying 0 resource
2022-05-31 20:46:54,860 [Worker-3: Building] INFO  o.e.m.c.i.embedder.EclipseLogger - Copying 0 resource
2022-05-31 20:46:54,862 [Worker-3: Building] INFO  o.e.m.c.i.embedder.EclipseLogger - Using 'UTF-8' encoding to copy filtered resources.
2022-05-31 20:46:54,862 [Worker-3: Building] INFO  o.e.m.c.i.embedder.EclipseLogger - Using 'UTF-8' encoding to copy filtered properties files.
2022-05-31 20:46:54,862 [Worker-3: Building] INFO  o.e.m.c.i.embedder.EclipseLogger - skip non existing resourceDirectory C:\Users\shion\Desktop\springboot\SpringBoot-PSI-20211018-main\src\test\resources
2022-05-31 21:52:30,296 [Worker-3: Building] INFO  o.e.m.c.i.embedder.EclipseLogger - Using 'UTF-8' encoding to copy filtered resources.
2022-05-31 21:52:30,296 [Worker-3: Building] INFO  o.e.m.c.i.embedder.EclipseLogger - Using 'UTF-8' encoding to copy filtered properties files.
2022-05-31 21:52:30,296 [Worker-3: Building] INFO  o.e.m.c.i.embedder.EclipseLogger - Copying 0 resource
2022-05-31 21:52:30,296 [Worker-3: Building] INFO  o.e.m.c.i.embedder.EclipseLogger - Copying 0 resource
2022-05-31 21:52:30,298 [Worker-3: Building] INFO  o.e.m.c.i.embedder.EclipseLogger - Using 'UTF-8' encoding to copy filtered resources.
2022-05-31 21:52:30,298 [Worker-3: Building] INFO  o.e.m.c.i.embedder.EclipseLogger - Using 'UTF-8' encoding to copy filtered properties files.
2022-05-31 21:52:30,298 [Worker-3: Building] INFO  o.e.m.c.i.embedder.EclipseLogger - skip non existing resourceDirectory C:\Users\shion\Desktop\springboot\SpringBoot-PSI-20211018-main\src\test\resources
2022-05-31 21:54:16,010 [Worker-13: Building] INFO  o.e.m.c.i.embedder.EclipseLogger - Using 'UTF-8' encoding to copy filtered resources.
2022-05-31 21:54:16,010 [Worker-13: Building] INFO  o.e.m.c.i.embedder.EclipseLogger - Using 'UTF-8' encoding to copy filtered properties files.
2022-05-31 21:54:16,010 [Worker-13: Building] INFO  o.e.m.c.i.embedder.EclipseLogger - Copying 0 resource
2022-05-31 21:54:16,011 [Worker-13: Building] INFO  o.e.m.c.i.embedder.EclipseLogger - Copying 0 resource
2022-05-31 21:54:16,012 [Worker-13: Building] INFO  o.e.m.c.i.embedder.EclipseLogger - Using 'UTF-8' encoding to copy filtered resources.
2022-05-31 21:54:16,012 [Worker-13: Building] INFO  o.e.m.c.i.embedder.EclipseLogger - Using 'UTF-8' encoding to copy filtered properties files.
2022-05-31 21:54:16,013 [Worker-13: Building] INFO  o.e.m.c.i.embedder.EclipseLogger - skip non existing resourceDirectory C:\Users\shion\Desktop\springboot\SpringBoot-PSI-20211018-main\src\test\resources
2022-05-31 22:48:53,838 [Worker-1: Building] INFO  o.e.m.c.i.embedder.EclipseLogger - Using 'UTF-8' encoding to copy filtered resources.
2022-05-31 22:48:53,838 [Worker-1: Building] INFO  o.e.m.c.i.embedder.EclipseLogger - Using 'UTF-8' encoding to copy filtered properties files.
2022-05-31 22:48:53,838 [Worker-1: Building] INFO  o.e.m.c.i.embedder.EclipseLogger - Copying 0 resource
2022-05-31 22:48:53,839 [Worker-1: Building] INFO  o.e.m.c.i.embedder.EclipseLogger - Copying 0 resource
2022-05-31 22:48:53,840 [Worker-1: Building] INFO  o.e.m.c.i.embedder.EclipseLogger - Using 'UTF-8' encoding to copy filtered resources.
2022-05-31 22:48:53,840 [Worker-1: Building] INFO  o.e.m.c.i.embedder.EclipseLogger - Using 'UTF-8' encoding to copy filtered properties files.
2022-05-31 22:48:53,841 [Worker-1: Building] INFO  o.e.m.c.i.embedder.EclipseLogger - skip non existing resourceDirectory C:\Users\shion\Desktop\springboot\SpringBoot-PSI-20211018-main\src\test\resources
